{
  "RSpec": {
    "coverage": {
      "/Users/thefluffypanda/turing/1mod/4project/lib/enigma.rb": {
        "lines": [
          1,
          1,
          1,
          null,
          1,
          1,
          1,
          null,
          1,
          6,
          6,
          6,
          null,
          null,
          1,
          5,
          5,
          5,
          5,
          5,
          5,
          20,
          20,
          null,
          5,
          null,
          null,
          1,
          4,
          4,
          46,
          44,
          44,
          44,
          null,
          null,
          4,
          4,
          null,
          null,
          1,
          1,
          1,
          12,
          11,
          11,
          11,
          null,
          null,
          1,
          1,
          null,
          null,
          1,
          2,
          null,
          null
        ]
      },
      "/Users/thefluffypanda/turing/1mod/4project/lib/modules/offsets.rb": {
        "lines": [
          1,
          1,
          5,
          5,
          5,
          5,
          5,
          5,
          5,
          5,
          5,
          null,
          null
        ]
      },
      "/Users/thefluffypanda/turing/1mod/4project/lib/modules/keys.rb": {
        "lines": [
          1,
          1,
          5,
          5,
          5,
          5,
          5,
          5,
          5,
          null,
          null
        ]
      }
    },
    "timestamp": 1637037482
  }
}
