{
  "RSpec": {
    "coverage": {
      "/Users/thefluffypanda/turing/1mod/4project/lib/enigma.rb": {
        "lines": [
          1,
          1,
          null,
          1,
          1,
          1,
          1,
          null,
          1,
          7,
          7,
          7,
          null,
          null,
          null,
          1,
          6,
          6,
          6,
          6,
          6,
          24,
          24,
          null,
          6,
          null,
          null,
          1,
          5,
          5,
          61,
          59,
          59,
          59,
          null,
          null,
          5,
          5,
          null,
          null,
          1,
          1,
          1,
          12,
          11,
          11,
          11,
          null,
          null,
          1,
          1,
          null,
          null,
          1,
          1,
          null,
          null,
          1,
          1,
          1,
          1,
          5,
          5,
          1,
          4,
          null,
          1,
          1,
          null,
          null,
          1,
          1,
          1,
          15,
          15,
          15,
          15,
          null,
          null,
          1,
          1,
          null,
          null
        ]
      },
      "/Users/thefluffypanda/turing/1mod/4project/lib/modules/offsets.rb": {
        "lines": [
          1,
          1,
          6,
          6,
          6,
          6,
          6,
          6,
          6,
          6,
          6,
          null,
          null
        ]
      },
      "/Users/thefluffypanda/turing/1mod/4project/lib/modules/keys.rb": {
        "lines": [
          1,
          1,
          6,
          6,
          6,
          6,
          6,
          6,
          6,
          null,
          null
        ]
      }
    },
    "timestamp": 1637034857
  }
}
